<?xml version="1.0" encoding="UTF-8"?>
<!-- Generated by org.testng.reporters.JUnitXMLReporter -->
<testsuite hostname="SONY-PC" ignored="0" name="Surefire test" tests="5" failures="0" timestamp="2020-01-17T02:34:13 EST" time="0.073" errors="0">
  <testcase name="IOSapps" time="0.007" classname="qaclickacademy.AppiumTest"/>
  <testcase name="NativeAppAndroid" time="0.001" classname="qaclickacademy.AppiumTest"/>
  <testcase name="PostJira" time="0.0" classname="qaclickacademy.RESTAPITest"/>
  <testcase name="TwitterDelete" time="0.0" classname="qaclickacademy.RESTAPITest"/>
  <testcase name="elementsUi" time="0.0" classname="qaclickacademy.SeleniumTest"/>
</testsuite> <!-- Surefire test -->
