<?xml version="1.0" encoding="UTF-8"?>
<!-- Generated by org.testng.reporters.JUnitXMLReporter -->
<testsuite hostname="SONY-PC" ignored="1" name="Default test" tests="1" failures="0" timestamp="2020-01-17T02:30:41 EST" time="0.107" errors="0">
  <testcase name="elementsUi" time="0.029" classname="qaclickacademy.SeleniumTest"/>
  <testcase name="BrowserAutomation" time="0.0" classname="qaclickacademy.SeleniumTest">
    <ignored/>
  </testcase> <!-- BrowserAutomation -->
</testsuite> <!-- Default test -->
