<?xml version="1.0" encoding="UTF-8"?>
<!-- Generated by org.testng.reporters.JUnitXMLReporter -->
<testsuite hostname="SONY-PC" ignored="0" name="Test" tests="5" failures="0" timestamp="2020-01-21T17:27:18 EST" time="0.097" errors="0">
  <testcase name="IOSapps" time="0.016" classname="qaclickacademy.AppiumTest"/>
  <testcase name="NativeAppAndroid" time="0.003" classname="qaclickacademy.AppiumTest"/>
  <testcase name="elementsUi" time="0.003" classname="qaclickacademy.SeleniumTest"/>
  <testcase name="PostJira" time="0.003" classname="qaclickacademy.RESTAPITest"/>
  <testcase name="TwitterDelete" time="0.004" classname="qaclickacademy.RESTAPITest"/>
</testsuite> <!-- Test -->
