<?xml version="1.0" encoding="UTF-8"?>
<!-- Generated by org.testng.reporters.JUnitXMLReporter -->
<testsuite hostname="SONY-PC" ignored="0" name="Test" tests="3" failures="0" timestamp="2020-01-17T03:05:27 EST" time="0.061" errors="0">
  <testcase name="elementsUi" time="0.006" classname="qaclickacademy.SeleniumTest"/>
  <testcase name="PostJira" time="0.001" classname="qaclickacademy.RESTAPITest"/>
  <testcase name="TwitterDelete" time="0.0" classname="qaclickacademy.RESTAPITest"/>
</testsuite> <!-- Test -->
